TN:
SF:/Users/josh/caldera-js/processors/src/CalderaProcessors.js
FN:14,(anonymous_0)
FNF:1
FNH:1
FNDA:2,(anonymous_0)
DA:15,2
DA:39,1
DA:57,1
LF:3
LH:3
BRF:0
BRH:0
end_of_record
TN:
SF:/Users/josh/caldera-js/processors/src/CalderaProcessorsWithState.js
FN:8,(anonymous_0)
FN:23,(anonymous_1)
FNF:2
FNH:2
FNDA:1,(anonymous_0)
FNDA:1,(anonymous_1)
DA:8,1
DA:13,1
DA:14,1
DA:15,1
DA:16,1
DA:30,1
DA:31,1
DA:33,0
DA:36,0
DA:39,0
DA:42,0
DA:45,0
LF:12
LH:7
BRF:0
BRH:0
end_of_record
TN:
SF:/Users/josh/caldera-js/processors/src/index.js
FN:6,_interopRequireDefault
FNF:1
FNH:0
FNDA:0,_interopRequireDefault
DA:1,0
DA:2,0
DA:3,0
DA:4,0
DA:5,0
DA:6,0
DA:7,0
LF:7
LH:0
BRDA:6,0,0,0
BRDA:6,0,1,0
BRDA:6,1,0,0
BRDA:6,1,1,0
BRF:4
BRH:0
end_of_record
TN:
SF:/Users/josh/caldera-js/processors/src/module.js
FN:10,_interopRequireDefault
FNF:1
FNH:0
FNDA:0,_interopRequireDefault
DA:1,0
DA:3,0
DA:4,0
DA:5,0
DA:10,0
LF:5
LH:0
BRDA:10,0,0,0
BRDA:10,0,1,0
BRDA:10,1,0,0
BRDA:10,1,1,0
BRF:4
BRH:0
end_of_record
TN:
SF:/Users/josh/caldera-js/processors/src/components/Processor/Editor.js
FN:13,(anonymous_0)
FN:32,(anonymous_1)
FN:39,(anonymous_2)
FN:48,(anonymous_3)
FN:56,(anonymous_4)
FN:59,(anonymous_5)
FN:69,(anonymous_6)
FN:85,(anonymous_7)
FN:107,(anonymous_8)
FN:120,(anonymous_9)
FN:129,(anonymous_10)
FNF:11
FNH:6
FNDA:8,(anonymous_0)
FNDA:0,(anonymous_1)
FNDA:0,(anonymous_2)
FNDA:7,(anonymous_3)
FNDA:13,(anonymous_4)
FNDA:0,(anonymous_5)
FNDA:7,(anonymous_6)
FNDA:0,(anonymous_7)
FNDA:0,(anonymous_8)
FNDA:8,(anonymous_9)
FNDA:8,(anonymous_10)
DA:14,8
DA:15,8
DA:19,8
DA:20,8
DA:21,8
DA:22,8
DA:23,8
DA:24,8
DA:25,8
DA:33,0
DA:40,0
DA:49,7
DA:50,0
DA:53,7
DA:54,7
DA:55,7
DA:56,7
DA:57,13
DA:58,13
DA:59,13
DA:60,0
DA:66,7
DA:70,7
DA:86,0
DA:87,0
DA:89,0
DA:90,0
DA:94,0
DA:108,0
DA:121,8
DA:130,8
DA:134,8
DA:135,0
DA:138,8
DA:174,3
DA:189,3
LF:36
LH:25
BRDA:49,0,0,0
BRDA:49,0,1,7
BRDA:54,1,0,7
BRDA:54,1,1,0
BRDA:57,2,0,13
BRDA:57,2,1,0
BRDA:86,3,0,0
BRDA:86,3,1,0
BRDA:121,4,0,1
BRDA:121,4,1,7
BRDA:123,5,0,6
BRDA:123,5,1,1
BRDA:134,6,0,0
BRDA:134,6,1,8
BRDA:154,7,0,8
BRDA:154,7,1,7
BRF:16
BRH:10
end_of_record
TN:
SF:/Users/josh/caldera-js/processors/src/components/Processor/OpenEditorButton.js
FN:10,(anonymous_0)
FNF:1
FNH:1
FNDA:7,(anonymous_0)
DA:10,3
DA:11,7
DA:35,3
DA:47,3
LF:4
LH:4
BRDA:18,0,0,7
BRDA:18,0,1,5
BRDA:21,1,0,7
BRDA:21,1,1,2
BRF:4
BRH:4
end_of_record
TN:
SF:/Users/josh/caldera-js/processors/src/components/Processor/ProcessorLabel.js
FN:9,(anonymous_0)
FN:17,(anonymous_1)
FN:25,(anonymous_2)
FNF:3
FNH:3
FNDA:4,(anonymous_0)
FNDA:4,(anonymous_1)
FNDA:2,(anonymous_2)
DA:10,4
DA:11,4
DA:18,4
DA:26,2
DA:49,3
LF:5
LH:5
BRDA:18,0,0,2
BRDA:18,0,1,2
BRDA:20,1,0,1
BRDA:20,1,1,1
BRF:4
BRH:4
end_of_record
TN:
SF:/Users/josh/caldera-js/processors/src/components/Processor/RemoveProcessorButton.js
FN:18,(anonymous_0)
FN:33,(anonymous_1)
FN:48,(anonymous_2)
FNF:3
FNH:3
FNDA:7,(anonymous_0)
FNDA:4,(anonymous_1)
FNDA:10,(anonymous_2)
DA:19,7
DA:20,7
DA:24,7
DA:34,4
DA:35,3
DA:40,1
DA:49,10
DA:71,3
DA:82,3
LF:9
LH:9
BRDA:34,0,0,3
BRDA:34,0,1,1
BRF:2
BRH:2
end_of_record
TN:
SF:/Users/josh/caldera-js/processors/src/components/Processor/TypeChooser.js
FN:7,(anonymous_0)
FN:21,(anonymous_1)
FN:30,(anonymous_2)
FN:37,(anonymous_3)
FN:46,(anonymous_4)
FNF:5
FNH:5
FNDA:4,(anonymous_0)
FNDA:1,(anonymous_1)
FNDA:4,(anonymous_2)
FNDA:4,(anonymous_3)
FNDA:9,(anonymous_4)
DA:8,4
DA:9,4
DA:10,4
DA:22,1
DA:31,4
DA:32,1
DA:34,3
DA:39,4
DA:47,9
DA:67,3
LF:10
LH:10
BRDA:31,0,0,1
BRDA:31,0,1,3
BRF:2
BRH:2
end_of_record
TN:
SF:/Users/josh/caldera-js/processors/src/components/Processors/List.js
FN:15,(anonymous_0)
FN:35,(anonymous_1)
FN:53,(anonymous_2)
FN:72,(anonymous_3)
FN:97,(anonymous_4)
FN:105,(anonymous_5)
FN:128,(anonymous_6)
FN:132,(anonymous_7)
FN:154,(anonymous_8)
FN:181,(anonymous_9)
FNF:10
FNH:3
FNDA:0,(anonymous_0)
FNDA:4,(anonymous_1)
FNDA:0,(anonymous_2)
FNDA:0,(anonymous_3)
FNDA:0,(anonymous_4)
FNDA:0,(anonymous_5)
FNDA:4,(anonymous_6)
FNDA:2,(anonymous_7)
FNDA:0,(anonymous_8)
FNDA:0,(anonymous_9)
DA:15,2
DA:16,0
DA:36,4
DA:37,4
DA:41,4
DA:54,0
DA:55,0
DA:56,0
DA:59,0
DA:60,0
DA:62,0
DA:66,0
DA:67,0
DA:68,0
DA:72,0
DA:73,0
DA:74,0
DA:79,0
DA:98,0
DA:100,0
DA:104,0
DA:105,0
DA:106,0
DA:107,0
DA:111,0
DA:129,4
DA:130,4
DA:133,2
DA:134,2
DA:135,2
DA:155,0
DA:156,0
DA:157,0
DA:159,0
DA:162,0
DA:182,0
DA:194,2
LF:37
LH:10
BRDA:66,0,0,0
BRDA:66,0,1,0
BRDA:73,1,0,0
BRDA:73,1,1,0
BRDA:98,2,0,0
BRDA:98,2,1,0
BRDA:98,3,0,0
BRDA:98,3,1,0
BRDA:106,4,0,0
BRDA:106,4,1,0
BRDA:133,5,0,2
BRDA:133,5,1,0
BRDA:134,6,0,2
BRDA:134,6,1,0
BRDA:139,7,0,2
BRDA:139,7,1,0
BRDA:143,8,0,2
BRDA:143,8,1,2
BRDA:151,9,0,2
BRDA:151,9,1,2
BRDA:156,10,0,0
BRDA:156,10,1,0
BRDA:170,11,0,2
BRDA:170,11,1,0
BRF:24
BRH:8
end_of_record
TN:
SF:/Users/josh/caldera-js/processors/src/components/Processors/NewProcessor.js
FN:10,(anonymous_0)
FN:11,handler
FNF:2
FNH:1
FNDA:6,(anonymous_0)
FNDA:0,handler
DA:10,2
DA:12,0
DA:15,6
DA:26,2
DA:31,2
LF:5
LH:4
BRF:0
BRH:0
end_of_record
TN:
SF:/Users/josh/caldera-js/processors/src/factories/configFieldFactory.js
FN:9,(anonymous_0)
FNF:1
FNH:1
FNDA:19,(anonymous_0)
DA:9,6
DA:10,19
LF:2
LH:2
BRDA:9,0,0,0
BRF:1
BRH:0
end_of_record
TN:
SF:/Users/josh/caldera-js/processors/src/factories/configFieldsFactory.js
FN:12,(anonymous_0)
FN:13,(anonymous_1)
FN:23,(anonymous_2)
FN:29,(anonymous_3)
FNF:4
FNH:4
FNDA:12,(anonymous_0)
FNDA:20,(anonymous_1)
FNDA:31,(anonymous_2)
FNDA:35,(anonymous_3)
DA:12,6
DA:13,12
DA:14,20
DA:15,16
DA:23,12
DA:24,31
DA:25,15
DA:29,12
DA:30,35
DA:31,35
DA:34,12
LF:11
LH:11
BRDA:12,0,0,2
BRDA:14,1,0,16
BRDA:14,1,1,4
BRDA:24,2,0,15
BRDA:24,2,1,16
BRF:5
BRH:5
end_of_record
TN:
SF:/Users/josh/caldera-js/processors/src/factories/processorFactory.js
FN:5,(anonymous_0)
FN:22,(anonymous_1)
FNF:2
FNH:2
FNDA:12,(anonymous_0)
FNDA:9,(anonymous_1)
DA:4,6
DA:5,6
DA:6,12
DA:22,6
DA:23,9
DA:28,9
DA:30,9
DA:34,9
DA:37,9
LF:9
LH:9
BRDA:22,0,0,1
BRDA:22,1,0,9
BRDA:28,2,0,9
BRDA:28,2,1,0
BRDA:30,3,0,9
BRDA:30,3,1,0
BRF:6
BRH:4
end_of_record
TN:
SF:/Users/josh/caldera-js/processors/src/factories/util.js
FN:7,(anonymous_0)
FN:18,(anonymous_1)
FN:29,(anonymous_2)
FN:42,(anonymous_3)
FN:44,(anonymous_4)
FN:54,(anonymous_5)
FN:56,(anonymous_6)
FN:81,(anonymous_7)
FN:95,(anonymous_8)
FN:104,(anonymous_9)
FNF:10
FNH:10
FNDA:8,(anonymous_0)
FNDA:5,(anonymous_1)
FNDA:4,(anonymous_2)
FNDA:9,(anonymous_3)
FNDA:17,(anonymous_4)
FNDA:8,(anonymous_5)
FNDA:15,(anonymous_6)
FNDA:18,(anonymous_7)
FNDA:1,(anonymous_8)
FNDA:11,(anonymous_9)
DA:7,4
DA:8,8
DA:18,4
DA:19,5
DA:29,4
DA:30,4
DA:42,4
DA:43,9
DA:44,9
DA:45,17
DA:47,9
DA:54,4
DA:55,8
DA:57,15
DA:58,15
DA:66,8
DA:81,4
DA:82,18
DA:95,4
DA:96,1
DA:104,4
DA:105,11
LF:22
LH:22
BRDA:8,0,0,5
BRDA:8,0,1,3
BRDA:8,1,0,8
BRDA:8,1,1,8
BRDA:19,2,0,3
BRDA:19,2,1,2
BRDA:19,3,0,5
BRDA:19,3,1,5
BRDA:30,4,0,2
BRDA:30,4,1,2
BRDA:32,5,0,1
BRDA:32,5,1,1
BRDA:57,6,0,15
BRDA:57,6,1,0
BRDA:81,7,0,4
BRDA:95,8,0,1
BRF:16
BRH:15
end_of_record
TN:
SF:/Users/josh/caldera-js/processors/src/processors/emailDefaultConfigFields.js
FN:35,(anonymous_0)
FN:42,(anonymous_1)
FNF:2
FNH:2
FNDA:3,(anonymous_0)
FNDA:28,(anonymous_1)
DA:1,7
DA:2,7
DA:36,3
DA:42,7
DA:43,28
LF:5
LH:5
BRF:0
BRH:0
end_of_record
TN:
SF:/Users/josh/caldera-js/processors/src/processors/emailProcessorType.js
FNF:0
FNH:0
DA:2,7
LF:1
LH:1
BRF:0
BRH:0
end_of_record
TN:
SF:/Users/josh/caldera-js/processors/src/processors/processorTypes.js
FNF:0
FNH:0
DA:9,6
LF:1
LH:1
BRF:0
BRH:0
end_of_record
TN:
SF:/Users/josh/caldera-js/processors/src/processors/redirectProcessorType.js
FNF:0
FNH:0
DA:1,6
LF:1
LH:1
BRF:0
BRH:0
end_of_record
TN:
SF:/Users/josh/caldera-js/processors/src/state/actions.js
FN:64,(anonymous_0)
FN:75,(anonymous_1)
FN:86,(anonymous_2)
FN:98,(anonymous_3)
FN:110,(anonymous_4)
FN:122,(anonymous_5)
FN:134,(anonymous_6)
FN:148,(anonymous_7)
FNF:8
FNH:8
FNDA:4,(anonymous_0)
FNDA:6,(anonymous_1)
FNDA:4,(anonymous_2)
FNDA:3,(anonymous_3)
FNDA:5,(anonymous_4)
FNDA:3,(anonymous_5)
FNDA:3,(anonymous_6)
FNDA:7,(anonymous_7)
DA:1,4
DA:8,4
DA:14,4
DA:20,4
DA:27,4
DA:33,4
DA:40,4
DA:47,4
DA:54,4
DA:64,4
DA:65,4
DA:75,4
DA:76,6
DA:86,4
DA:87,4
DA:98,4
DA:99,3
DA:110,4
DA:111,5
DA:122,4
DA:123,3
DA:134,4
DA:135,3
DA:148,4
DA:149,7
LF:25
LH:25
BRF:0
BRH:0
end_of_record
TN:
SF:/Users/josh/caldera-js/processors/src/state/processorsStore.js
FNF:0
FNH:0
DA:24,2
DA:34,1
DA:37,0
DA:40,1
DA:50,2
DA:60,2
DA:65,2
LF:7
LH:6
BRF:0
BRH:0
end_of_record
TN:
SF:/Users/josh/caldera-js/processors/src/state/reducers.js
FN:24,clone
FN:80,(anonymous_1)
FN:130,(anonymous_2)
FN:174,(anonymous_3)
FNF:4
FNH:4
FNDA:55,clone
FNDA:19,(anonymous_1)
FNDA:12,(anonymous_2)
FNDA:6,(anonymous_3)
DA:27,55
DA:28,16
DA:31,39
DA:32,0
DA:33,0
DA:34,0
DA:37,39
DA:38,9
DA:41,30
DA:42,16
DA:43,16
DA:44,21
DA:46,16
DA:49,14
DA:50,14
DA:51,14
DA:52,16
DA:53,16
DA:56,14
DA:58,0
DA:67,3
DA:80,3
DA:81,19
DA:84,7
DA:86,5
DA:88,5
DA:92,5
DA:94,2
DA:95,2
DA:97,0
DA:100,7
DA:102,2
DA:103,2
DA:106,2
DA:113,2
DA:114,2
DA:116,8
DA:130,3
DA:131,12
DA:133,4
DA:138,8
DA:154,3
DA:174,3
DA:175,6
DA:177,1
DA:183,1
DA:190,1
DA:195,1
DA:200,2
LF:49
LH:44
BRDA:27,0,0,16
BRDA:27,0,1,39
BRDA:27,1,0,55
BRDA:27,1,1,55
BRDA:31,2,0,0
BRDA:31,2,1,39
BRDA:37,3,0,9
BRDA:37,3,1,30
BRDA:41,4,0,16
BRDA:41,4,1,14
BRDA:49,5,0,14
BRDA:49,5,1,0
BRDA:52,6,0,16
BRDA:52,6,1,0
BRDA:80,7,0,6
BRDA:81,8,0,5
BRDA:81,8,1,7
BRDA:81,8,2,2
BRDA:81,8,3,2
BRDA:81,8,4,8
BRDA:84,9,0,5
BRDA:84,9,1,2
BRDA:84,9,2,0
BRDA:102,10,0,2
BRDA:102,10,1,0
BRDA:130,11,0,6
BRDA:131,12,0,4
BRDA:131,12,1,8
BRDA:174,13,0,0
BRDA:175,14,0,1
BRDA:175,14,1,1
BRDA:175,14,2,1
BRDA:175,14,3,1
BRDA:175,14,4,2
BRF:34
BRH:28
end_of_record
TN:
SF:/Users/josh/caldera-js/processors/src/state/selectors.js
FN:6,(anonymous_0)
FN:18,(anonymous_1)
FN:31,(anonymous_2)
FN:41,(anonymous_3)
FN:50,(anonymous_4)
FN:60,(anonymous_5)
FN:72,(anonymous_6)
FNF:7
FNH:7
FNDA:2,(anonymous_0)
FNDA:2,(anonymous_1)
FNDA:1,(anonymous_2)
FNDA:1,(anonymous_3)
FNDA:1,(anonymous_4)
FNDA:2,(anonymous_5)
FNDA:2,(anonymous_6)
DA:6,3
DA:7,2
DA:8,2
DA:18,3
DA:19,2
DA:20,1
DA:22,1
DA:31,3
DA:32,1
DA:41,3
DA:42,1
DA:50,3
DA:51,1
DA:60,3
DA:61,2
DA:72,3
DA:73,2
LF:17
LH:17
BRDA:8,0,0,2
BRDA:8,0,1,0
BRDA:19,1,0,1
BRDA:19,1,1,1
BRDA:61,2,0,1
BRDA:61,2,1,1
BRDA:73,3,0,1
BRDA:73,3,1,1
BRF:8
BRH:7
end_of_record
